2023/05/03 18:37:58 [notice] 1#1: using the "epoll" event method
2023/05/03 18:37:58 [notice] 1#1: nginx/1.23.4
2023/05/03 18:37:58 [notice] 1#1: built by gcc 10.2.1 20210110 (Debian 10.2.1-6) 
2023/05/03 18:37:58 [notice] 1#1: OS: Linux 5.15.0-72-generic
2023/05/03 18:37:58 [notice] 1#1: getrlimit(RLIMIT_NOFILE): 1048576:1048576
2023/05/03 18:37:58 [notice] 1#1: start worker processes
2023/05/03 18:37:58 [notice] 1#1: start worker process 29
2023/05/03 18:37:58 [notice] 1#1: start worker process 30
2023/05/03 18:37:58 [notice] 1#1: start worker process 31
2023/05/03 18:37:58 [notice] 1#1: start worker process 32
2023/05/03 18:37:58 [notice] 1#1: start worker process 33
2023/05/03 18:37:58 [notice] 1#1: start worker process 34
2023/05/03 18:37:58 [notice] 1#1: start worker process 35
2023/05/03 18:37:58 [notice] 1#1: start worker process 36
2023/05/03 18:37:58 [notice] 1#1: start worker process 37
2023/05/03 18:37:58 [notice] 1#1: start worker process 38
2023/05/03 18:37:58 [notice] 1#1: start worker process 39
2023/05/03 18:37:58 [notice] 1#1: start worker process 40
2023/05/03 18:38:58 [notice] 1#1: signal 3 (SIGQUIT) received, shutting down
2023/05/03 18:38:58 [notice] 29#29: gracefully shutting down
2023/05/03 18:38:58 [notice] 29#29: exiting
2023/05/03 18:38:58 [notice] 31#31: gracefully shutting down
2023/05/03 18:38:58 [notice] 30#30: gracefully shutting down
2023/05/03 18:38:58 [notice] 35#35: gracefully shutting down
2023/05/03 18:38:58 [notice] 33#33: gracefully shutting down
2023/05/03 18:38:58 [notice] 32#32: gracefully shutting down
2023/05/03 18:38:58 [notice] 34#34: gracefully shutting down
2023/05/03 18:38:58 [notice] 29#29: exit
2023/05/03 18:38:58 [notice] 31#31: exiting
2023/05/03 18:38:58 [notice] 35#35: exiting
2023/05/03 18:38:58 [notice] 38#38: gracefully shutting down
2023/05/03 18:38:58 [notice] 30#30: exiting
2023/05/03 18:38:58 [notice] 33#33: exiting
2023/05/03 18:38:58 [notice] 40#40: gracefully shutting down
2023/05/03 18:38:58 [notice] 32#32: exiting
2023/05/03 18:38:58 [notice] 34#34: exiting
2023/05/03 18:38:58 [notice] 36#36: gracefully shutting down
2023/05/03 18:38:58 [notice] 38#38: exiting
2023/05/03 18:38:58 [notice] 35#35: exit
2023/05/03 18:38:58 [notice] 31#31: exit
2023/05/03 18:38:58 [notice] 40#40: exiting
2023/05/03 18:38:58 [notice] 33#33: exit
2023/05/03 18:38:58 [notice] 36#36: exiting
2023/05/03 18:38:58 [notice] 30#30: exit
2023/05/03 18:38:58 [notice] 38#38: exit
2023/05/03 18:38:58 [notice] 40#40: exit
2023/05/03 18:38:58 [notice] 34#34: exit
2023/05/03 18:38:58 [notice] 32#32: exit
2023/05/03 18:38:58 [notice] 36#36: exit
2023/05/03 18:38:58 [notice] 37#37: gracefully shutting down
2023/05/03 18:38:58 [notice] 37#37: exiting
2023/05/03 18:38:58 [notice] 37#37: exit
2023/05/03 18:38:58 [notice] 39#39: gracefully shutting down
2023/05/03 18:38:58 [notice] 39#39: exiting
2023/05/03 18:38:58 [notice] 39#39: exit
2023/05/03 18:38:58 [notice] 1#1: signal 17 (SIGCHLD) received from 30
2023/05/03 18:38:58 [notice] 1#1: worker process 30 exited with code 0
2023/05/03 18:38:58 [notice] 1#1: signal 29 (SIGIO) received
2023/05/03 18:38:58 [notice] 1#1: signal 17 (SIGCHLD) received from 34
2023/05/03 18:38:58 [notice] 1#1: worker process 34 exited with code 0
2023/05/03 18:38:58 [notice] 1#1: signal 29 (SIGIO) received
2023/05/03 18:38:58 [notice] 1#1: signal 17 (SIGCHLD) received from 33
2023/05/03 18:38:58 [notice] 1#1: worker process 33 exited with code 0
2023/05/03 18:38:58 [notice] 1#1: signal 29 (SIGIO) received
2023/05/03 18:38:58 [notice] 1#1: signal 17 (SIGCHLD) received from 29
2023/05/03 18:38:58 [notice] 1#1: worker process 29 exited with code 0
2023/05/03 18:38:58 [notice] 1#1: signal 29 (SIGIO) received
2023/05/03 18:38:58 [notice] 1#1: signal 17 (SIGCHLD) received from 39
2023/05/03 18:38:58 [notice] 1#1: worker process 39 exited with code 0
2023/05/03 18:38:58 [notice] 1#1: signal 29 (SIGIO) received
2023/05/03 18:38:58 [notice] 1#1: signal 17 (SIGCHLD) received from 36
2023/05/03 18:38:58 [notice] 1#1: worker process 36 exited with code 0
2023/05/03 18:38:58 [notice] 1#1: signal 29 (SIGIO) received
2023/05/03 18:38:58 [notice] 1#1: signal 17 (SIGCHLD) received from 35
2023/05/03 18:38:58 [notice] 1#1: worker process 31 exited with code 0
2023/05/03 18:38:58 [notice] 1#1: worker process 32 exited with code 0
2023/05/03 18:38:58 [notice] 1#1: worker process 35 exited with code 0
2023/05/03 18:38:58 [notice] 1#1: worker process 37 exited with code 0
2023/05/03 18:38:58 [notice] 1#1: signal 29 (SIGIO) received
2023/05/03 18:38:58 [notice] 1#1: signal 17 (SIGCHLD) received from 37
2023/05/03 18:38:58 [notice] 1#1: signal 17 (SIGCHLD) received from 38
2023/05/03 18:38:58 [notice] 1#1: worker process 38 exited with code 0
2023/05/03 18:38:58 [notice] 1#1: signal 29 (SIGIO) received
2023/05/03 18:38:58 [notice] 1#1: signal 17 (SIGCHLD) received from 40
2023/05/03 18:38:58 [notice] 1#1: worker process 40 exited with code 0
2023/05/03 18:38:58 [notice] 1#1: exit
2023/05/03 18:39:07 [notice] 1#1: using the "epoll" event method
2023/05/03 18:39:07 [notice] 1#1: nginx/1.23.4
2023/05/03 18:39:07 [notice] 1#1: built by gcc 10.2.1 20210110 (Debian 10.2.1-6) 
2023/05/03 18:39:07 [notice] 1#1: OS: Linux 5.15.0-72-generic
2023/05/03 18:39:07 [notice] 1#1: getrlimit(RLIMIT_NOFILE): 1048576:1048576
2023/05/03 18:39:07 [notice] 1#1: start worker processes
2023/05/03 18:39:07 [notice] 1#1: start worker process 29
2023/05/03 18:39:07 [notice] 1#1: start worker process 30
2023/05/03 18:39:07 [notice] 1#1: start worker process 31
2023/05/03 18:39:07 [notice] 1#1: start worker process 32
2023/05/03 18:39:07 [notice] 1#1: start worker process 33
2023/05/03 18:39:07 [notice] 1#1: start worker process 34
2023/05/03 18:39:07 [notice] 1#1: start worker process 35
2023/05/03 18:39:07 [notice] 1#1: start worker process 36
2023/05/03 18:39:07 [notice] 1#1: start worker process 37
2023/05/03 18:39:07 [notice] 1#1: start worker process 38
2023/05/03 18:39:07 [notice] 1#1: start worker process 39
2023/05/03 18:39:07 [notice] 1#1: start worker process 40
2023/05/03 18:39:18 [notice] 1#1: signal 3 (SIGQUIT) received, shutting down
2023/05/03 18:39:18 [notice] 29#29: gracefully shutting down
2023/05/03 18:39:18 [notice] 30#30: gracefully shutting down
2023/05/03 18:39:18 [notice] 32#32: gracefully shutting down
2023/05/03 18:39:18 [notice] 31#31: gracefully shutting down
2023/05/03 18:39:18 [notice] 34#34: gracefully shutting down
2023/05/03 18:39:18 [notice] 33#33: gracefully shutting down
2023/05/03 18:39:18 [notice] 29#29: exiting
2023/05/03 18:39:18 [notice] 30#30: exiting
2023/05/03 18:39:18 [notice] 37#37: gracefully shutting down
2023/05/03 18:39:18 [notice] 32#32: exiting
2023/05/03 18:39:18 [notice] 31#31: exiting
2023/05/03 18:39:18 [notice] 36#36: gracefully shutting down
2023/05/03 18:39:18 [notice] 34#34: exiting
2023/05/03 18:39:18 [notice] 33#33: exiting
2023/05/03 18:39:18 [notice] 35#35: gracefully shutting down
2023/05/03 18:39:18 [notice] 37#37: exiting
2023/05/03 18:39:18 [notice] 30#30: exit
2023/05/03 18:39:18 [notice] 36#36: exiting
2023/05/03 18:39:18 [notice] 32#32: exit
2023/05/03 18:39:18 [notice] 31#31: exit
2023/05/03 18:39:18 [notice] 29#29: exit
2023/05/03 18:39:18 [notice] 34#34: exit
2023/05/03 18:39:18 [notice] 33#33: exit
2023/05/03 18:39:18 [notice] 35#35: exiting
2023/05/03 18:39:18 [notice] 37#37: exit
2023/05/03 18:39:18 [notice] 36#36: exit
2023/05/03 18:39:18 [notice] 35#35: exit
2023/05/03 18:39:18 [notice] 38#38: gracefully shutting down
2023/05/03 18:39:18 [notice] 40#40: gracefully shutting down
2023/05/03 18:39:18 [notice] 38#38: exiting
2023/05/03 18:39:18 [notice] 39#39: gracefully shutting down
2023/05/03 18:39:18 [notice] 40#40: exiting
2023/05/03 18:39:18 [notice] 38#38: exit
2023/05/03 18:39:18 [notice] 39#39: exiting
2023/05/03 18:39:18 [notice] 40#40: exit
2023/05/03 18:39:18 [notice] 39#39: exit
2023/05/03 18:39:18 [notice] 1#1: signal 17 (SIGCHLD) received from 37
2023/05/03 18:39:18 [notice] 1#1: worker process 37 exited with code 0
2023/05/03 18:39:18 [notice] 1#1: worker process 40 exited with code 0
2023/05/03 18:39:18 [notice] 1#1: signal 29 (SIGIO) received
2023/05/03 18:39:18 [notice] 1#1: signal 17 (SIGCHLD) received from 40
2023/05/03 18:39:18 [notice] 1#1: signal 17 (SIGCHLD) received from 29
2023/05/03 18:39:18 [notice] 1#1: worker process 29 exited with code 0
2023/05/03 18:39:18 [notice] 1#1: signal 29 (SIGIO) received
2023/05/03 18:39:18 [notice] 1#1: signal 17 (SIGCHLD) received from 36
2023/05/03 18:39:18 [notice] 1#1: worker process 36 exited with code 0
2023/05/03 18:39:18 [notice] 1#1: signal 29 (SIGIO) received
2023/05/03 18:39:18 [notice] 1#1: signal 17 (SIGCHLD) received from 31
2023/05/03 18:39:18 [notice] 1#1: worker process 31 exited with code 0
2023/05/03 18:39:18 [notice] 1#1: worker process 34 exited with code 0
2023/05/03 18:39:18 [notice] 1#1: signal 29 (SIGIO) received
2023/05/03 18:39:18 [notice] 1#1: signal 17 (SIGCHLD) received from 32
2023/05/03 18:39:18 [notice] 1#1: worker process 30 exited with code 0
2023/05/03 18:39:18 [notice] 1#1: worker process 32 exited with code 0
2023/05/03 18:39:18 [notice] 1#1: worker process 33 exited with code 0
2023/05/03 18:39:18 [notice] 1#1: worker process 39 exited with code 0
2023/05/03 18:39:18 [notice] 1#1: signal 29 (SIGIO) received
2023/05/03 18:39:18 [notice] 1#1: signal 17 (SIGCHLD) received from 33
2023/05/03 18:39:18 [notice] 1#1: signal 17 (SIGCHLD) received from 38
2023/05/03 18:39:18 [notice] 1#1: worker process 38 exited with code 0
2023/05/03 18:39:18 [notice] 1#1: signal 17 (SIGCHLD) received from 35
2023/05/03 18:39:18 [notice] 1#1: worker process 35 exited with code 0
2023/05/03 18:39:18 [notice] 1#1: exit
2023/05/03 18:39:29 [notice] 1#1: using the "epoll" event method
2023/05/03 18:39:29 [notice] 1#1: nginx/1.23.4
2023/05/03 18:39:29 [notice] 1#1: built by gcc 10.2.1 20210110 (Debian 10.2.1-6) 
2023/05/03 18:39:29 [notice] 1#1: OS: Linux 5.15.0-72-generic
2023/05/03 18:39:29 [notice] 1#1: getrlimit(RLIMIT_NOFILE): 1048576:1048576
2023/05/03 18:39:29 [notice] 1#1: start worker processes
2023/05/03 18:39:29 [notice] 1#1: start worker process 29
2023/05/03 18:39:29 [notice] 1#1: start worker process 30
2023/05/03 18:39:29 [notice] 1#1: start worker process 31
2023/05/03 18:39:29 [notice] 1#1: start worker process 32
2023/05/03 18:39:29 [notice] 1#1: start worker process 33
2023/05/03 18:39:29 [notice] 1#1: start worker process 34
2023/05/03 18:39:29 [notice] 1#1: start worker process 35
2023/05/03 18:39:29 [notice] 1#1: start worker process 36
2023/05/03 18:39:29 [notice] 1#1: start worker process 37
2023/05/03 18:39:29 [notice] 1#1: start worker process 38
2023/05/03 18:39:29 [notice] 1#1: start worker process 39
2023/05/03 18:39:29 [notice] 1#1: start worker process 40
2023/05/03 18:40:00 [notice] 1#1: signal 3 (SIGQUIT) received, shutting down
2023/05/03 18:40:00 [notice] 29#29: gracefully shutting down
2023/05/03 18:40:00 [notice] 30#30: gracefully shutting down
2023/05/03 18:40:00 [notice] 33#33: gracefully shutting down
2023/05/03 18:40:00 [notice] 32#32: gracefully shutting down
2023/05/03 18:40:00 [notice] 29#29: exiting
2023/05/03 18:40:00 [notice] 34#34: gracefully shutting down
2023/05/03 18:40:00 [notice] 30#30: exiting
2023/05/03 18:40:00 [notice] 33#33: exiting
2023/05/03 18:40:00 [notice] 32#32: exiting
2023/05/03 18:40:00 [notice] 35#35: gracefully shutting down
2023/05/03 18:40:00 [notice] 38#38: gracefully shutting down
2023/05/03 18:40:00 [notice] 34#34: exiting
2023/05/03 18:40:00 [notice] 39#39: gracefully shutting down
2023/05/03 18:40:00 [notice] 29#29: exit
2023/05/03 18:40:00 [notice] 30#30: exit
2023/05/03 18:40:00 [notice] 33#33: exit
2023/05/03 18:40:00 [notice] 32#32: exit
2023/05/03 18:40:00 [notice] 35#35: exiting
2023/05/03 18:40:00 [notice] 38#38: exiting
2023/05/03 18:40:00 [notice] 39#39: exiting
2023/05/03 18:40:00 [notice] 34#34: exit
2023/05/03 18:40:00 [notice] 38#38: exit
2023/05/03 18:40:00 [notice] 35#35: exit
2023/05/03 18:40:00 [notice] 39#39: exit
2023/05/03 18:40:00 [notice] 36#36: gracefully shutting down
2023/05/03 18:40:00 [notice] 37#37: gracefully shutting down
2023/05/03 18:40:00 [notice] 31#31: gracefully shutting down
2023/05/03 18:40:00 [notice] 36#36: exiting
2023/05/03 18:40:00 [notice] 37#37: exiting
2023/05/03 18:40:00 [notice] 31#31: exiting
2023/05/03 18:40:00 [notice] 40#40: gracefully shutting down
2023/05/03 18:40:00 [notice] 36#36: exit
2023/05/03 18:40:00 [notice] 31#31: exit
2023/05/03 18:40:00 [notice] 37#37: exit
2023/05/03 18:40:00 [notice] 40#40: exiting
2023/05/03 18:40:00 [notice] 40#40: exit
2023/05/03 18:40:00 [notice] 1#1: signal 17 (SIGCHLD) received from 38
2023/05/03 18:40:00 [notice] 1#1: worker process 33 exited with code 0
2023/05/03 18:40:00 [notice] 1#1: worker process 38 exited with code 0
2023/05/03 18:40:00 [notice] 1#1: worker process 40 exited with code 0
2023/05/03 18:40:00 [notice] 1#1: signal 29 (SIGIO) received
2023/05/03 18:40:00 [notice] 1#1: signal 17 (SIGCHLD) received from 33
2023/05/03 18:40:00 [notice] 1#1: worker process 31 exited with code 0
2023/05/03 18:40:00 [notice] 1#1: signal 29 (SIGIO) received
2023/05/03 18:40:00 [notice] 1#1: signal 17 (SIGCHLD) received from 35
2023/05/03 18:40:00 [notice] 1#1: worker process 35 exited with code 0
2023/05/03 18:40:00 [notice] 1#1: signal 29 (SIGIO) received
2023/05/03 18:40:00 [notice] 1#1: signal 17 (SIGCHLD) received from 36
2023/05/03 18:40:00 [notice] 1#1: worker process 36 exited with code 0
2023/05/03 18:40:00 [notice] 1#1: signal 29 (SIGIO) received
2023/05/03 18:40:00 [notice] 1#1: signal 17 (SIGCHLD) received from 37
2023/05/03 18:40:00 [notice] 1#1: worker process 37 exited with code 0
2023/05/03 18:40:00 [notice] 1#1: worker process 30 exited with code 0
2023/05/03 18:40:00 [notice] 1#1: worker process 32 exited with code 0
2023/05/03 18:40:00 [notice] 1#1: worker process 39 exited with code 0
2023/05/03 18:40:00 [notice] 1#1: signal 29 (SIGIO) received
2023/05/03 18:40:00 [notice] 1#1: signal 17 (SIGCHLD) received from 30
2023/05/03 18:40:00 [notice] 1#1: signal 17 (SIGCHLD) received from 34
2023/05/03 18:40:00 [notice] 1#1: worker process 34 exited with code 0
2023/05/03 18:40:00 [notice] 1#1: signal 17 (SIGCHLD) received from 29
2023/05/03 18:40:00 [notice] 1#1: worker process 29 exited with code 0
2023/05/03 18:40:00 [notice] 1#1: exit
2023/05/03 18:40:01 [emerg] 1#1: host not found in upstream "strapi" in /etc/nginx/default.conf:32
2023/05/03 18:40:01 [notice] 1#1: using the "epoll" event method
2023/05/03 18:40:01 [notice] 1#1: nginx/1.23.4
2023/05/03 18:40:01 [notice] 1#1: built by gcc 10.2.1 20210110 (Debian 10.2.1-6) 
2023/05/03 18:40:01 [notice] 1#1: OS: Linux 5.15.0-72-generic
2023/05/03 18:40:01 [notice] 1#1: getrlimit(RLIMIT_NOFILE): 1048576:1048576
2023/05/03 18:40:01 [notice] 1#1: start worker processes
2023/05/03 18:40:01 [notice] 1#1: start worker process 29
2023/05/03 18:40:01 [notice] 1#1: start worker process 30
2023/05/03 18:40:01 [notice] 1#1: start worker process 31
2023/05/03 18:40:01 [notice] 1#1: start worker process 32
2023/05/03 18:40:01 [notice] 1#1: start worker process 33
2023/05/03 18:40:01 [notice] 1#1: start worker process 34
2023/05/03 18:40:01 [notice] 1#1: start worker process 35
2023/05/03 18:40:01 [notice] 1#1: start worker process 36
2023/05/03 18:40:01 [notice] 1#1: start worker process 37
2023/05/03 18:40:01 [notice] 1#1: start worker process 38
2023/05/03 18:40:01 [notice] 1#1: start worker process 39
2023/05/03 18:40:01 [notice] 1#1: start worker process 40
2023/05/03 18:40:02 [emerg] 1#1: host not found in upstream "frontend" in /etc/nginx/default.conf:13
2023/05/03 18:40:03 [emerg] 1#1: host not found in upstream "frontend" in /etc/nginx/default.conf:13
2023/05/03 18:40:03 [emerg] 1#1: host not found in upstream "frontend" in /etc/nginx/default.conf:13
2023/05/03 18:40:05 [emerg] 1#1: host not found in upstream "frontend" in /etc/nginx/default.conf:13
2023/05/03 18:40:07 [emerg] 1#1: host not found in upstream "frontend" in /etc/nginx/default.conf:13
2023/05/03 18:40:10 [emerg] 1#1: host not found in upstream "frontend" in /etc/nginx/default.conf:13
2023/05/03 18:40:11 [notice] 1#1: signal 3 (SIGQUIT) received, shutting down
2023/05/03 18:40:11 [notice] 32#32: gracefully shutting down
2023/05/03 18:40:11 [notice] 31#31: gracefully shutting down
2023/05/03 18:40:11 [notice] 34#34: gracefully shutting down
2023/05/03 18:40:11 [notice] 30#30: gracefully shutting down
2023/05/03 18:40:11 [notice] 37#37: gracefully shutting down
2023/05/03 18:40:11 [notice] 32#32: exiting
2023/05/03 18:40:11 [notice] 29#29: gracefully shutting down
2023/05/03 18:40:11 [notice] 33#33: gracefully shutting down
2023/05/03 18:40:11 [notice] 38#38: gracefully shutting down
2023/05/03 18:40:11 [notice] 35#35: gracefully shutting down
2023/05/03 18:40:11 [notice] 31#31: exiting
2023/05/03 18:40:11 [notice] 34#34: exiting
2023/05/03 18:40:11 [notice] 30#30: exiting
2023/05/03 18:40:11 [notice] 37#37: exiting
2023/05/03 18:40:11 [notice] 29#29: exiting
2023/05/03 18:40:11 [notice] 33#33: exiting
2023/05/03 18:40:11 [notice] 32#32: exit
2023/05/03 18:40:11 [notice] 38#38: exiting
2023/05/03 18:40:11 [notice] 35#35: exiting
2023/05/03 18:40:11 [notice] 34#34: exit
2023/05/03 18:40:11 [notice] 31#31: exit
2023/05/03 18:40:11 [notice] 37#37: exit
2023/05/03 18:40:11 [notice] 30#30: exit
2023/05/03 18:40:11 [notice] 38#38: exit
2023/05/03 18:40:11 [notice] 35#35: exit
2023/05/03 18:40:11 [notice] 29#29: exit
2023/05/03 18:40:11 [notice] 39#39: gracefully shutting down
2023/05/03 18:40:11 [notice] 33#33: exit
2023/05/03 18:40:11 [notice] 39#39: exiting
2023/05/03 18:40:11 [notice] 39#39: exit
2023/05/03 18:40:11 [notice] 40#40: gracefully shutting down
2023/05/03 18:40:11 [notice] 36#36: gracefully shutting down
2023/05/03 18:40:11 [notice] 40#40: exiting
2023/05/03 18:40:11 [notice] 36#36: exiting
2023/05/03 18:40:11 [notice] 40#40: exit
2023/05/03 18:40:11 [notice] 36#36: exit
2023/05/03 18:40:11 [notice] 1#1: signal 17 (SIGCHLD) received from 39
2023/05/03 18:40:11 [notice] 1#1: worker process 39 exited with code 0
2023/05/03 18:40:11 [notice] 1#1: signal 29 (SIGIO) received
2023/05/03 18:40:11 [notice] 1#1: signal 17 (SIGCHLD) received from 29
2023/05/03 18:40:11 [notice] 1#1: worker process 29 exited with code 0
2023/05/03 18:40:11 [notice] 1#1: signal 29 (SIGIO) received
2023/05/03 18:40:11 [notice] 1#1: signal 17 (SIGCHLD) received from 34
2023/05/03 18:40:11 [notice] 1#1: worker process 34 exited with code 0
2023/05/03 18:40:11 [notice] 1#1: signal 29 (SIGIO) received
2023/05/03 18:40:11 [notice] 1#1: signal 17 (SIGCHLD) received from 31
2023/05/03 18:40:11 [notice] 1#1: worker process 31 exited with code 0
2023/05/03 18:40:11 [notice] 1#1: worker process 32 exited with code 0
2023/05/03 18:40:11 [notice] 1#1: signal 29 (SIGIO) received
2023/05/03 18:40:11 [notice] 1#1: signal 17 (SIGCHLD) received from 30
2023/05/03 18:40:11 [notice] 1#1: worker process 30 exited with code 0
2023/05/03 18:40:11 [notice] 1#1: signal 29 (SIGIO) received
2023/05/03 18:40:11 [notice] 1#1: signal 17 (SIGCHLD) received from 33
2023/05/03 18:40:11 [notice] 1#1: worker process 33 exited with code 0
2023/05/03 18:40:11 [notice] 1#1: signal 29 (SIGIO) received
2023/05/03 18:40:11 [notice] 1#1: signal 17 (SIGCHLD) received from 38
2023/05/03 18:40:11 [notice] 1#1: worker process 37 exited with code 0
2023/05/03 18:40:11 [notice] 1#1: worker process 38 exited with code 0
2023/05/03 18:40:11 [notice] 1#1: signal 29 (SIGIO) received
2023/05/03 18:40:11 [notice] 1#1: signal 17 (SIGCHLD) received from 37
2023/05/03 18:40:11 [notice] 1#1: signal 17 (SIGCHLD) received from 36
2023/05/03 18:40:11 [notice] 1#1: worker process 36 exited with code 0
2023/05/03 18:40:11 [notice] 1#1: signal 29 (SIGIO) received
2023/05/03 18:40:11 [notice] 1#1: signal 17 (SIGCHLD) received from 40
2023/05/03 18:40:11 [notice] 1#1: worker process 40 exited with code 0
2023/05/03 18:40:11 [notice] 1#1: signal 29 (SIGIO) received
2023/05/03 18:40:11 [notice] 1#1: signal 17 (SIGCHLD) received from 35
2023/05/03 18:40:11 [notice] 1#1: worker process 35 exited with code 0
2023/05/03 18:40:11 [notice] 1#1: exit
2023/05/03 18:41:24 [notice] 1#1: using the "epoll" event method
2023/05/03 18:41:24 [notice] 1#1: nginx/1.23.4
2023/05/03 18:41:24 [notice] 1#1: built by gcc 10.2.1 20210110 (Debian 10.2.1-6) 
2023/05/03 18:41:24 [notice] 1#1: OS: Linux 5.15.0-72-generic
2023/05/03 18:41:24 [notice] 1#1: getrlimit(RLIMIT_NOFILE): 1048576:1048576
2023/05/03 18:41:24 [notice] 1#1: start worker processes
2023/05/03 18:41:24 [notice] 1#1: start worker process 30
2023/05/03 18:41:24 [notice] 1#1: start worker process 31
2023/05/03 18:41:24 [notice] 1#1: start worker process 32
2023/05/03 18:41:24 [notice] 1#1: start worker process 33
2023/05/03 18:41:24 [notice] 1#1: start worker process 34
2023/05/03 18:41:24 [notice] 1#1: start worker process 35
2023/05/03 18:41:24 [notice] 1#1: start worker process 36
2023/05/03 18:41:24 [notice] 1#1: start worker process 37
2023/05/03 18:41:24 [notice] 1#1: start worker process 38
2023/05/03 18:41:24 [notice] 1#1: start worker process 39
2023/05/03 18:41:24 [notice] 1#1: start worker process 40
2023/05/03 18:41:24 [notice] 1#1: start worker process 41
2023/05/03 18:41:24 [emerg] 1#1: host not found in upstream "strapi" in /etc/nginx/default.conf:32
2023/05/03 18:41:25 [emerg] 1#1: host not found in upstream "strapi" in /etc/nginx/default.conf:32
2023/05/03 18:41:26 [emerg] 1#1: host not found in upstream "frontend" in /etc/nginx/default.conf:13
2023/05/03 18:41:27 [emerg] 1#1: host not found in upstream "strapi" in /etc/nginx/default.conf:32
2023/05/03 18:41:28 [emerg] 1#1: host not found in upstream "strapi" in /etc/nginx/default.conf:32
2023/05/03 18:41:30 [emerg] 1#1: host not found in upstream "frontend" in /etc/nginx/default.conf:13
2023/05/03 18:41:34 [emerg] 1#1: host not found in upstream "frontend" in /etc/nginx/default.conf:13
2023/05/03 18:41:41 [emerg] 1#1: host not found in upstream "frontend" in /etc/nginx/default.conf:13
2023/05/03 18:41:43 [notice] 1#1: signal 3 (SIGQUIT) received, shutting down
2023/05/03 18:41:43 [notice] 31#31: gracefully shutting down
2023/05/03 18:41:43 [notice] 34#34: gracefully shutting down
2023/05/03 18:41:43 [notice] 32#32: gracefully shutting down
2023/05/03 18:41:43 [notice] 33#33: gracefully shutting down
2023/05/03 18:41:43 [notice] 30#30: gracefully shutting down
2023/05/03 18:41:43 [notice] 34#34: exiting
2023/05/03 18:41:43 [notice] 31#31: exiting
2023/05/03 18:41:43 [notice] 32#32: exiting
2023/05/03 18:41:43 [notice] 33#33: exiting
2023/05/03 18:41:43 [notice] 36#36: gracefully shutting down
2023/05/03 18:41:43 [notice] 40#40: gracefully shutting down
2023/05/03 18:41:43 [notice] 38#38: gracefully shutting down
2023/05/03 18:41:43 [notice] 37#37: gracefully shutting down
2023/05/03 18:41:43 [notice] 30#30: exiting
2023/05/03 18:41:43 [notice] 39#39: gracefully shutting down
2023/05/03 18:41:43 [notice] 32#32: exit
2023/05/03 18:41:43 [notice] 34#34: exit
2023/05/03 18:41:43 [notice] 31#31: exit
2023/05/03 18:41:43 [notice] 36#36: exiting
2023/05/03 18:41:43 [notice] 33#33: exit
2023/05/03 18:41:43 [notice] 40#40: exiting
2023/05/03 18:41:43 [notice] 38#38: exiting
2023/05/03 18:41:43 [notice] 37#37: exiting
2023/05/03 18:41:43 [notice] 39#39: exiting
2023/05/03 18:41:43 [notice] 40#40: exit
2023/05/03 18:41:43 [notice] 38#38: exit
2023/05/03 18:41:43 [notice] 37#37: exit
2023/05/03 18:41:43 [notice] 36#36: exit
2023/05/03 18:41:43 [notice] 30#30: exit
2023/05/03 18:41:43 [notice] 39#39: exit
2023/05/03 18:41:43 [notice] 35#35: gracefully shutting down
2023/05/03 18:41:43 [notice] 35#35: exiting
2023/05/03 18:41:43 [notice] 35#35: exit
2023/05/03 18:41:43 [notice] 41#41: gracefully shutting down
2023/05/03 18:41:43 [notice] 41#41: exiting
2023/05/03 18:41:43 [notice] 41#41: exit
2023/05/03 18:41:43 [notice] 1#1: signal 17 (SIGCHLD) received from 36
2023/05/03 18:41:43 [notice] 1#1: worker process 36 exited with code 0
2023/05/03 18:41:43 [notice] 1#1: signal 29 (SIGIO) received
2023/05/03 18:41:43 [notice] 1#1: signal 17 (SIGCHLD) received from 32
2023/05/03 18:41:43 [notice] 1#1: worker process 32 exited with code 0
2023/05/03 18:41:43 [notice] 1#1: worker process 40 exited with code 0
2023/05/03 18:41:43 [notice] 1#1: signal 29 (SIGIO) received
2023/05/03 18:41:43 [notice] 1#1: signal 17 (SIGCHLD) received from 40
2023/05/03 18:41:43 [notice] 1#1: worker process 35 exited with code 0
2023/05/03 18:41:43 [notice] 1#1: signal 29 (SIGIO) received
2023/05/03 18:41:43 [notice] 1#1: signal 17 (SIGCHLD) received from 37
2023/05/03 18:41:43 [notice] 1#1: worker process 33 exited with code 0
2023/05/03 18:41:43 [notice] 1#1: worker process 37 exited with code 0
2023/05/03 18:41:43 [notice] 1#1: signal 29 (SIGIO) received
2023/05/03 18:41:43 [notice] 1#1: signal 17 (SIGCHLD) received from 30
2023/05/03 18:41:43 [notice] 1#1: worker process 30 exited with code 0
2023/05/03 18:41:43 [notice] 1#1: signal 29 (SIGIO) received
2023/05/03 18:41:43 [notice] 1#1: signal 17 (SIGCHLD) received from 31
2023/05/03 18:41:43 [notice] 1#1: worker process 31 exited with code 0
2023/05/03 18:41:43 [notice] 1#1: worker process 38 exited with code 0
2023/05/03 18:41:43 [notice] 1#1: signal 29 (SIGIO) received
2023/05/03 18:41:43 [notice] 1#1: signal 17 (SIGCHLD) received from 38
2023/05/03 18:41:43 [notice] 1#1: signal 17 (SIGCHLD) received from 41
2023/05/03 18:41:43 [notice] 1#1: worker process 41 exited with code 0
2023/05/03 18:41:43 [notice] 1#1: signal 29 (SIGIO) received
2023/05/03 18:41:43 [notice] 1#1: signal 17 (SIGCHLD) received from 39
2023/05/03 18:41:43 [notice] 1#1: worker process 39 exited with code 0
2023/05/03 18:41:43 [notice] 1#1: signal 29 (SIGIO) received
2023/05/03 18:41:43 [notice] 1#1: signal 17 (SIGCHLD) received from 34
2023/05/03 18:41:43 [notice] 1#1: worker process 34 exited with code 0
2023/05/03 18:41:43 [notice] 1#1: exit
